<?xml version="1.0" encoding="UTF-8"?>
<testsuite name="SILab2Test" tests="2" skipped="0" failures="0" errors="0" timestamp="2023-05-29T09:39:22" hostname="DESKTOP-8UABIG0" time="0.013">
  <properties/>
  <testcase name="test_Every_Branch()" classname="SILab2Test" time="0.012"/>
  <testcase name="test_Multiple_Condition_ln36()" classname="SILab2Test" time="0.0"/>
  <system-out><![CDATA[]]></system-out>
  <system-err><![CDATA[]]></system-err>
</testsuite>
